User6812_1722407327: localhost:8080 - July 31, 2024, 12:28 pm
Page trying to access: http://localhost:8080/plan_bangladesh/create.php
---------------------------------------
User9960_1722407329: localhost:8080 - July 31, 2024, 12:28 pm
Page trying to access: http://localhost:8080/plan_bangladesh/create.php
---------------------------------------
User8692_1722407330: localhost:8080 - July 31, 2024, 12:28 pm
Page trying to access: http://localhost:8080/plan_bangladesh/create.php
---------------------------------------
User3583_1722407406: localhost:8080 - July 31, 2024, 12:30 pm
Page trying to access: http://localhost:8080/plan_bangladesh/create.php
---------------------------------------
User13051_1722407407: localhost:8080 - July 31, 2024, 12:30 pm
Page trying to access: http://localhost:8080/plan_bangladesh/create.php
---------------------------------------
User11391_1722407453: localhost:8080 - July 31, 2024, 12:30 pm
Page trying to access: http://localhost:8080/plan_bangladesh/create.php
---------------------------------------
User31099_1722407455: localhost:8080 - July 31, 2024, 12:30 pm
Page trying to access: http://localhost:8080/plan_bangladesh/create.php
---------------------------------------
User10295_1722407455: localhost:8080 - July 31, 2024, 12:30 pm
Page trying to access: http://localhost:8080/plan_bangladesh/create.php
---------------------------------------
User29875_1722407455: localhost:8080 - July 31, 2024, 12:30 pm
Page trying to access: http://localhost:8080/plan_bangladesh/create.php
---------------------------------------
User14775_1722407455: localhost:8080 - July 31, 2024, 12:30 pm
Page trying to access: http://localhost:8080/plan_bangladesh/create.php
---------------------------------------
User24115_1722407455: localhost:8080 - July 31, 2024, 12:30 pm
Page trying to access: http://localhost:8080/plan_bangladesh/create.php
---------------------------------------
User23279_1722407455: localhost:8080 - July 31, 2024, 12:30 pm
Page trying to access: http://localhost:8080/plan_bangladesh/create.php
---------------------------------------
User5867_1722407456: localhost:8080 - July 31, 2024, 12:30 pm
Page trying to access: http://localhost:8080/plan_bangladesh/create.php
---------------------------------------
User9383_1722407456: localhost:8080 - July 31, 2024, 12:30 pm
Page trying to access: http://localhost:8080/plan_bangladesh/create.php
---------------------------------------
User7279_1722407464: localhost:8080 - July 31, 2024, 12:31 pm
Page trying to access: http://localhost:8080/plan_bangladesh/create.php
---------------------------------------
User30352_1722409786: localhost:8080 - July 31, 2024, 1:09 pm
Page trying to access: http://localhost:8080/plan_bangladesh/create.php
---------------------------------------
User30748_1722409787: localhost:8080 - July 31, 2024, 1:09 pm
Page trying to access: http://localhost:8080/plan_bangladesh/create.php
---------------------------------------
User5541_1722409787: localhost:8080 - July 31, 2024, 1:09 pm
Page trying to access: http://localhost:8080/plan_bangladesh/create.php
---------------------------------------
User2561_1722409787: localhost:8080 - July 31, 2024, 1:09 pm
Page trying to access: http://localhost:8080/plan_bangladesh/create.php
---------------------------------------
User26568_1722409795: localhost:8080 - July 31, 2024, 1:09 pm
Page trying to access: http://localhost:8080/plan_bangladesh/create.php
---------------------------------------
User212_1722409797: localhost:8080 - July 31, 2024, 1:09 pm
Page trying to access: http://localhost:8080/plan_bangladesh/create.php
---------------------------------------
User9757_1722410203: localhost:8080 - July 31, 2024, 1:16 pm
Page trying to access: http://localhost:8080/plan_bangladesh/login.php
---------------------------------------
User16530_1722410203: localhost:8080 - July 31, 2024, 1:16 pm
Page trying to access: http://localhost:8080/plan_bangladesh/login.php
---------------------------------------
User10851_1722410203: localhost:8080 - July 31, 2024, 1:16 pm
Page trying to access: http://localhost:8080/plan_bangladesh/login.php
---------------------------------------
User26208_1722410203: localhost:8080 - July 31, 2024, 1:16 pm
Page trying to access: http://localhost:8080/plan_bangladesh/login.php
---------------------------------------
User1817_1722410203: localhost:8080 - July 31, 2024, 1:16 pm
Page trying to access: http://localhost:8080/plan_bangladesh/login.php
---------------------------------------
User21470_1722410203: localhost:8080 - July 31, 2024, 1:16 pm
Page trying to access: http://localhost:8080/plan_bangladesh/login.php
---------------------------------------
User2495_1722410203: localhost:8080 - July 31, 2024, 1:16 pm
Page trying to access: http://localhost:8080/plan_bangladesh/login.php
---------------------------------------
User2188_1722410203: localhost:8080 - July 31, 2024, 1:16 pm
Page trying to access: http://localhost:8080/plan_bangladesh/login.php
---------------------------------------
User31701_1722410203: localhost:8080 - July 31, 2024, 1:16 pm
Page trying to access: http://localhost:8080/plan_bangladesh/login.php
---------------------------------------
User20458_1722410203: localhost:8080 - July 31, 2024, 1:16 pm
Page trying to access: http://localhost:8080/plan_bangladesh/login.php
---------------------------------------
User731_1722410203: localhost:8080 - July 31, 2024, 1:16 pm
Page trying to access: http://localhost:8080/plan_bangladesh/login.php
---------------------------------------
User8568_1722410203: localhost:8080 - July 31, 2024, 1:16 pm
Page trying to access: http://localhost:8080/plan_bangladesh/login.php
---------------------------------------
User81_1722410203: localhost:8080 - July 31, 2024, 1:16 pm
Page trying to access: http://localhost:8080/plan_bangladesh/login.php
---------------------------------------
User182_1722410203: localhost:8080 - July 31, 2024, 1:16 pm
Page trying to access: http://localhost:8080/plan_bangladesh/login.php
---------------------------------------
User29111_1722410203: localhost:8080 - July 31, 2024, 1:16 pm
Page trying to access: http://localhost:8080/plan_bangladesh/login.php
---------------------------------------
User23844_1722410203: localhost:8080 - July 31, 2024, 1:16 pm
Page trying to access: http://localhost:8080/plan_bangladesh/login.php
---------------------------------------
User20621_1722410203: localhost:8080 - July 31, 2024, 1:16 pm
Page trying to access: http://localhost:8080/plan_bangladesh/login.php
---------------------------------------
User29250_1722410203: localhost:8080 - July 31, 2024, 1:16 pm
Page trying to access: http://localhost:8080/plan_bangladesh/login.php
---------------------------------------
User29267_1722410203: localhost:8080 - July 31, 2024, 1:16 pm
Page trying to access: http://localhost:8080/plan_bangladesh/login.php
---------------------------------------
User10128_1722410203: localhost:8080 - July 31, 2024, 1:16 pm
Page trying to access: http://localhost:8080/plan_bangladesh/login.php
---------------------------------------
User26761_1722410204: localhost:8080 - July 31, 2024, 1:16 pm
Page trying to access: http://localhost:8080/plan_bangladesh/login.php
---------------------------------------
User28814_1722410204: localhost:8080 - July 31, 2024, 1:16 pm
Page trying to access: http://localhost:8080/plan_bangladesh/login.php
---------------------------------------
User24751_1722410204: localhost:8080 - July 31, 2024, 1:16 pm
Page trying to access: http://localhost:8080/plan_bangladesh/login.php
---------------------------------------
User11452_1722410204: localhost:8080 - July 31, 2024, 1:16 pm
Page trying to access: http://localhost:8080/plan_bangladesh/login.php
---------------------------------------
User1093_1722410204: localhost:8080 - July 31, 2024, 1:16 pm
Page trying to access: http://localhost:8080/plan_bangladesh/login.php
---------------------------------------
User1946_1722410204: localhost:8080 - July 31, 2024, 1:16 pm
Page trying to access: http://localhost:8080/plan_bangladesh/login.php
---------------------------------------
User22731_1722410204: localhost:8080 - July 31, 2024, 1:16 pm
Page trying to access: http://localhost:8080/plan_bangladesh/login.php
---------------------------------------
User22696_1722410204: localhost:8080 - July 31, 2024, 1:16 pm
Page trying to access: http://localhost:8080/plan_bangladesh/login.php
---------------------------------------
User8129_1722410204: localhost:8080 - July 31, 2024, 1:16 pm
Page trying to access: http://localhost:8080/plan_bangladesh/login.php
---------------------------------------
User870_1722410204: localhost:8080 - July 31, 2024, 1:16 pm
Page trying to access: http://localhost:8080/plan_bangladesh/login.php
---------------------------------------
User13991_1722410205: localhost:8080 - July 31, 2024, 1:16 pm
Page trying to access: http://localhost:8080/plan_bangladesh/login.php
---------------------------------------
User22356_1722410205: localhost:8080 - July 31, 2024, 1:16 pm
Page trying to access: http://localhost:8080/plan_bangladesh/login.php
---------------------------------------
User30461_1722410205: localhost:8080 - July 31, 2024, 1:16 pm
Page trying to access: http://localhost:8080/plan_bangladesh/login.php
---------------------------------------
User28658_1722410205: localhost:8080 - July 31, 2024, 1:16 pm
Page trying to access: http://localhost:8080/plan_bangladesh/login.php
---------------------------------------
User5699_1722410205: localhost:8080 - July 31, 2024, 1:16 pm
Page trying to access: http://localhost:8080/plan_bangladesh/login.php
---------------------------------------
User5312_1722410205: localhost:8080 - July 31, 2024, 1:16 pm
Page trying to access: http://localhost:8080/plan_bangladesh/login.php
---------------------------------------
User1529_1722410205: localhost:8080 - July 31, 2024, 1:16 pm
Page trying to access: http://localhost:8080/plan_bangladesh/login.php
---------------------------------------
User6462_1722410205: localhost:8080 - July 31, 2024, 1:16 pm
Page trying to access: http://localhost:8080/plan_bangladesh/login.php
---------------------------------------
User21407_1722410205: localhost:8080 - July 31, 2024, 1:16 pm
Page trying to access: http://localhost:8080/plan_bangladesh/login.php
---------------------------------------
User15596_1722410205: localhost:8080 - July 31, 2024, 1:16 pm
Page trying to access: http://localhost:8080/plan_bangladesh/login.php
---------------------------------------
User2229_1722410206: localhost:8080 - July 31, 2024, 1:16 pm
Page trying to access: http://localhost:8080/plan_bangladesh/login.php
---------------------------------------
User2890_1722410206: localhost:8080 - July 31, 2024, 1:16 pm
Page trying to access: http://localhost:8080/plan_bangladesh/login.php
---------------------------------------
User2747_1722410206: localhost:8080 - July 31, 2024, 1:16 pm
Page trying to access: http://localhost:8080/plan_bangladesh/login.php
---------------------------------------
User15320_1722410206: localhost:8080 - July 31, 2024, 1:16 pm
Page trying to access: http://localhost:8080/plan_bangladesh/login.php
---------------------------------------
User31537_1722410206: localhost:8080 - July 31, 2024, 1:16 pm
Page trying to access: http://localhost:8080/plan_bangladesh/login.php
---------------------------------------
User4630_1722410206: localhost:8080 - July 31, 2024, 1:16 pm
Page trying to access: http://localhost:8080/plan_bangladesh/login.php
---------------------------------------
User6039_1722410206: localhost:8080 - July 31, 2024, 1:16 pm
Page trying to access: http://localhost:8080/plan_bangladesh/login.php
---------------------------------------
User15748_1722410206: localhost:8080 - July 31, 2024, 1:16 pm
Page trying to access: http://localhost:8080/plan_bangladesh/login.php
---------------------------------------
User6509_1722410206: localhost:8080 - July 31, 2024, 1:16 pm
Page trying to access: http://localhost:8080/plan_bangladesh/login.php
---------------------------------------
User14754_1722410206: localhost:8080 - July 31, 2024, 1:16 pm
Page trying to access: http://localhost:8080/plan_bangladesh/login.php
---------------------------------------
User5683_1722410206: localhost:8080 - July 31, 2024, 1:16 pm
Page trying to access: http://localhost:8080/plan_bangladesh/login.php
---------------------------------------
User11760_1722410206: localhost:8080 - July 31, 2024, 1:16 pm
Page trying to access: http://localhost:8080/plan_bangladesh/login.php
---------------------------------------
User24425_1722410206: localhost:8080 - July 31, 2024, 1:16 pm
Page trying to access: http://localhost:8080/plan_bangladesh/login.php
---------------------------------------
User19950_1722410206: localhost:8080 - July 31, 2024, 1:16 pm
Page trying to access: http://localhost:8080/plan_bangladesh/login.php
---------------------------------------
User25231_1722410206: localhost:8080 - July 31, 2024, 1:16 pm
Page trying to access: http://localhost:8080/plan_bangladesh/login.php
---------------------------------------
User14620_1722410206: localhost:8080 - July 31, 2024, 1:16 pm
Page trying to access: http://localhost:8080/plan_bangladesh/login.php
---------------------------------------
User2341_1722410206: localhost:8080 - July 31, 2024, 1:16 pm
Page trying to access: http://localhost:8080/plan_bangladesh/login.php
---------------------------------------
User23290_1722410206: localhost:8080 - July 31, 2024, 1:16 pm
Page trying to access: http://localhost:8080/plan_bangladesh/login.php
---------------------------------------
User6315_1722410206: localhost:8080 - July 31, 2024, 1:16 pm
Page trying to access: http://localhost:8080/plan_bangladesh/login.php
---------------------------------------
User19208_1722410206: localhost:8080 - July 31, 2024, 1:16 pm
Page trying to access: http://localhost:8080/plan_bangladesh/login.php
---------------------------------------
User29856_1722410211: localhost:8080 - July 31, 2024, 1:16 pm
Page trying to access: http://localhost:8080/plan_bangladesh/login.php
---------------------------------------
User6233_1722410211: localhost:8080 - July 31, 2024, 1:16 pm
Page trying to access: http://localhost:8080/plan_bangladesh/login.php
---------------------------------------
User11294_1722410211: localhost:8080 - July 31, 2024, 1:16 pm
Page trying to access: http://localhost:8080/plan_bangladesh/login.php
---------------------------------------
User7423_1722410211: localhost:8080 - July 31, 2024, 1:16 pm
Page trying to access: http://localhost:8080/plan_bangladesh/login.php
---------------------------------------
User15052_1722410211: localhost:8080 - July 31, 2024, 1:16 pm
Page trying to access: http://localhost:8080/plan_bangladesh/login.php
---------------------------------------
User24853_1722410211: localhost:8080 - July 31, 2024, 1:16 pm
Page trying to access: http://localhost:8080/plan_bangladesh/login.php
---------------------------------------
User27690_1722410211: localhost:8080 - July 31, 2024, 1:16 pm
Page trying to access: http://localhost:8080/plan_bangladesh/login.php
---------------------------------------
User2587_1722410211: localhost:8080 - July 31, 2024, 1:16 pm
Page trying to access: http://localhost:8080/plan_bangladesh/login.php
---------------------------------------
User14264_1722410211: localhost:8080 - July 31, 2024, 1:16 pm
Page trying to access: http://localhost:8080/plan_bangladesh/login.php
---------------------------------------
User31121_1722410211: localhost:8080 - July 31, 2024, 1:16 pm
Page trying to access: http://localhost:8080/plan_bangladesh/login.php
---------------------------------------
User8438_1722410211: localhost:8080 - July 31, 2024, 1:16 pm
Page trying to access: http://localhost:8080/plan_bangladesh/login.php
---------------------------------------
User11511_1722410211: localhost:8080 - July 31, 2024, 1:16 pm
Page trying to access: http://localhost:8080/plan_bangladesh/login.php
---------------------------------------
User5988_1722410211: localhost:8080 - July 31, 2024, 1:16 pm
Page trying to access: http://localhost:8080/plan_bangladesh/login.php
---------------------------------------
User7629_1722410211: localhost:8080 - July 31, 2024, 1:16 pm
Page trying to access: http://localhost:8080/plan_bangladesh/login.php
---------------------------------------
User22146_1722410211: localhost:8080 - July 31, 2024, 1:16 pm
Page trying to access: http://localhost:8080/plan_bangladesh/login.php
---------------------------------------
User8595_1722410211: localhost:8080 - July 31, 2024, 1:16 pm
Page trying to access: http://localhost:8080/plan_bangladesh/login.php
---------------------------------------
User17872_1722410211: localhost:8080 - July 31, 2024, 1:16 pm
Page trying to access: http://localhost:8080/plan_bangladesh/login.php
---------------------------------------
User18889_1722410211: localhost:8080 - July 31, 2024, 1:16 pm
Page trying to access: http://localhost:8080/plan_bangladesh/login.php
---------------------------------------
User22734_1722410211: localhost:8080 - July 31, 2024, 1:16 pm
Page trying to access: http://localhost:8080/plan_bangladesh/login.php
---------------------------------------
User17391_1722410211: localhost:8080 - July 31, 2024, 1:16 pm
Page trying to access: http://localhost:8080/plan_bangladesh/login.php
---------------------------------------
User21014_1722410220: localhost:8080 - July 31, 2024, 1:17 pm
Page trying to access: http://localhost:8080/plan_bangladesh/login.php
---------------------------------------
User22423_1722410220: localhost:8080 - July 31, 2024, 1:17 pm
Page trying to access: http://localhost:8080/plan_bangladesh/login.php
---------------------------------------
User32132_1722410220: localhost:8080 - July 31, 2024, 1:17 pm
Page trying to access: http://localhost:8080/plan_bangladesh/login.php
---------------------------------------
User22893_1722410220: localhost:8080 - July 31, 2024, 1:17 pm
Page trying to access: http://localhost:8080/plan_bangladesh/login.php
---------------------------------------
User31138_1722410220: localhost:8080 - July 31, 2024, 1:17 pm
Page trying to access: http://localhost:8080/plan_bangladesh/login.php
---------------------------------------
User22067_1722410220: localhost:8080 - July 31, 2024, 1:17 pm
Page trying to access: http://localhost:8080/plan_bangladesh/login.php
---------------------------------------
User28144_1722410220: localhost:8080 - July 31, 2024, 1:17 pm
Page trying to access: http://localhost:8080/plan_bangladesh/login.php
---------------------------------------
User8041_1722410220: localhost:8080 - July 31, 2024, 1:17 pm
Page trying to access: http://localhost:8080/plan_bangladesh/login.php
---------------------------------------
User3566_1722410220: localhost:8080 - July 31, 2024, 1:17 pm
Page trying to access: http://localhost:8080/plan_bangladesh/login.php
---------------------------------------
User8847_1722410220: localhost:8080 - July 31, 2024, 1:17 pm
Page trying to access: http://localhost:8080/plan_bangladesh/login.php
---------------------------------------
User31004_1722410220: localhost:8080 - July 31, 2024, 1:17 pm
Page trying to access: http://localhost:8080/plan_bangladesh/login.php
---------------------------------------
User18725_1722410220: localhost:8080 - July 31, 2024, 1:17 pm
Page trying to access: http://localhost:8080/plan_bangladesh/login.php
---------------------------------------
User6906_1722410220: localhost:8080 - July 31, 2024, 1:17 pm
Page trying to access: http://localhost:8080/plan_bangladesh/login.php
---------------------------------------
User22699_1722410220: localhost:8080 - July 31, 2024, 1:17 pm
Page trying to access: http://localhost:8080/plan_bangladesh/login.php
---------------------------------------
User2824_1722410220: localhost:8080 - July 31, 2024, 1:17 pm
Page trying to access: http://localhost:8080/plan_bangladesh/login.php
---------------------------------------
User21153_1722410220: localhost:8080 - July 31, 2024, 1:17 pm
Page trying to access: http://localhost:8080/plan_bangladesh/login.php
---------------------------------------
User27846_1722410220: localhost:8080 - July 31, 2024, 1:17 pm
Page trying to access: http://localhost:8080/plan_bangladesh/login.php
---------------------------------------
User21639_1722410220: localhost:8080 - July 31, 2024, 1:17 pm
Page trying to access: http://localhost:8080/plan_bangladesh/login.php
---------------------------------------
User20404_1722410220: localhost:8080 - July 31, 2024, 1:17 pm
Page trying to access: http://localhost:8080/plan_bangladesh/login.php
---------------------------------------
User30685_1722410220: localhost:8080 - July 31, 2024, 1:17 pm
Page trying to access: http://localhost:8080/plan_bangladesh/login.php
---------------------------------------
User3922_1722410243: localhost:8080 - July 31, 2024, 1:17 pm
Page trying to access: http://localhost:8080/plan_bangladesh/login.php
---------------------------------------
User12835_1722410243: localhost:8080 - July 31, 2024, 1:17 pm
Page trying to access: http://localhost:8080/plan_bangladesh/login.php
---------------------------------------
User13088_1722410243: localhost:8080 - July 31, 2024, 1:17 pm
Page trying to access: http://localhost:8080/plan_bangladesh/login.php
---------------------------------------
User13529_1722410243: localhost:8080 - July 31, 2024, 1:17 pm
Page trying to access: http://localhost:8080/plan_bangladesh/login.php
---------------------------------------
User20126_1722410243: localhost:8080 - July 31, 2024, 1:17 pm
Page trying to access: http://localhost:8080/plan_bangladesh/login.php
---------------------------------------
User19839_1722410243: localhost:8080 - July 31, 2024, 1:17 pm
Page trying to access: http://localhost:8080/plan_bangladesh/login.php
---------------------------------------
User24908_1722410243: localhost:8080 - July 31, 2024, 1:17 pm
Page trying to access: http://localhost:8080/plan_bangladesh/login.php
---------------------------------------
User17813_1722410243: localhost:8080 - July 31, 2024, 1:17 pm
Page trying to access: http://localhost:8080/plan_bangladesh/login.php
---------------------------------------
User13994_1722410243: localhost:8080 - July 31, 2024, 1:17 pm
Page trying to access: http://localhost:8080/plan_bangladesh/login.php
---------------------------------------
User17051_1722410243: localhost:8080 - July 31, 2024, 1:17 pm
Page trying to access: http://localhost:8080/plan_bangladesh/login.php
---------------------------------------
User17976_1722410243: localhost:8080 - July 31, 2024, 1:17 pm
Page trying to access: http://localhost:8080/plan_bangladesh/login.php
---------------------------------------
User9745_1722410243: localhost:8080 - July 31, 2024, 1:17 pm
Page trying to access: http://localhost:8080/plan_bangladesh/login.php
---------------------------------------
User4982_1722410243: localhost:8080 - July 31, 2024, 1:17 pm
Page trying to access: http://localhost:8080/plan_bangladesh/login.php
---------------------------------------
User28023_1722410243: localhost:8080 - July 31, 2024, 1:17 pm
Page trying to access: http://localhost:8080/plan_bangladesh/login.php
---------------------------------------
User3556_1722410243: localhost:8080 - July 31, 2024, 1:17 pm
Page trying to access: http://localhost:8080/plan_bangladesh/login.php
---------------------------------------
User4685_1722410243: localhost:8080 - July 31, 2024, 1:17 pm
Page trying to access: http://localhost:8080/plan_bangladesh/login.php
---------------------------------------
User28930_1722410243: localhost:8080 - July 31, 2024, 1:17 pm
Page trying to access: http://localhost:8080/plan_bangladesh/login.php
---------------------------------------
User27155_1722410243: localhost:8080 - July 31, 2024, 1:17 pm
Page trying to access: http://localhost:8080/plan_bangladesh/login.php
---------------------------------------
User9296_1722410243: localhost:8080 - July 31, 2024, 1:17 pm
Page trying to access: http://localhost:8080/plan_bangladesh/login.php
---------------------------------------
User1609_1722410243: localhost:8080 - July 31, 2024, 1:17 pm
Page trying to access: http://localhost:8080/plan_bangladesh/login.php
---------------------------------------
User16892_1722410273: localhost:8080 - July 31, 2024, 1:17 pm
Page trying to access: http://localhost:8080/plan_bangladesh/login.php
---------------------------------------
User4229_1722410273: localhost:8080 - July 31, 2024, 1:17 pm
Page trying to access: http://localhost:8080/plan_bangladesh/login.php
---------------------------------------
User16090_1722410273: localhost:8080 - July 31, 2024, 1:17 pm
Page trying to access: http://localhost:8080/plan_bangladesh/login.php
---------------------------------------
User24331_1722410273: localhost:8080 - July 31, 2024, 1:17 pm
Page trying to access: http://localhost:8080/plan_bangladesh/login.php
---------------------------------------
User488_1722410273: localhost:8080 - July 31, 2024, 1:17 pm
Page trying to access: http://localhost:8080/plan_bangladesh/login.php
---------------------------------------
User12289_1722410273: localhost:8080 - July 31, 2024, 1:17 pm
Page trying to access: http://localhost:8080/plan_bangladesh/login.php
---------------------------------------
User28326_1722410273: localhost:8080 - July 31, 2024, 1:17 pm
Page trying to access: http://localhost:8080/plan_bangladesh/login.php
---------------------------------------
User24807_1722410273: localhost:8080 - July 31, 2024, 1:17 pm
Page trying to access: http://localhost:8080/plan_bangladesh/login.php
---------------------------------------
User21652_1722410273: localhost:8080 - July 31, 2024, 1:17 pm
Page trying to access: http://localhost:8080/plan_bangladesh/login.php
---------------------------------------
User19261_1722410273: localhost:8080 - July 31, 2024, 1:17 pm
Page trying to access: http://localhost:8080/plan_bangladesh/login.php
---------------------------------------
User20274_1722410273: localhost:8080 - July 31, 2024, 1:17 pm
Page trying to access: http://localhost:8080/plan_bangladesh/login.php
---------------------------------------
User9347_1722410273: localhost:8080 - July 31, 2024, 1:17 pm
Page trying to access: http://localhost:8080/plan_bangladesh/login.php
---------------------------------------
User9728_1722410273: localhost:8080 - July 31, 2024, 1:17 pm
Page trying to access: http://localhost:8080/plan_bangladesh/login.php
---------------------------------------
User24121_1722410273: localhost:8080 - July 31, 2024, 1:17 pm
Page trying to access: http://localhost:8080/plan_bangladesh/login.php
---------------------------------------
User11390_1722410273: localhost:8080 - July 31, 2024, 1:17 pm
Page trying to access: http://localhost:8080/plan_bangladesh/login.php
---------------------------------------
User1503_1722410273: localhost:8080 - July 31, 2024, 1:17 pm
Page trying to access: http://localhost:8080/plan_bangladesh/login.php
---------------------------------------
User8748_1722410273: localhost:8080 - July 31, 2024, 1:17 pm
Page trying to access: http://localhost:8080/plan_bangladesh/login.php
---------------------------------------
User9461_1722410273: localhost:8080 - July 31, 2024, 1:17 pm
Page trying to access: http://localhost:8080/plan_bangladesh/login.php
---------------------------------------
User4746_1722410273: localhost:8080 - July 31, 2024, 1:17 pm
Page trying to access: http://localhost:8080/plan_bangladesh/login.php
---------------------------------------
User8443_1722410273: localhost:8080 - July 31, 2024, 1:17 pm
Page trying to access: http://localhost:8080/plan_bangladesh/login.php
---------------------------------------
User13592_1722410403: localhost:8080 - July 31, 2024, 1:20 pm
Page trying to access: http://localhost:8080/plan_bangladesh/login.php
---------------------------------------
User7025_1722410403: localhost:8080 - July 31, 2024, 1:20 pm
Page trying to access: http://localhost:8080/plan_bangladesh/login.php
---------------------------------------
User19798_1722410403: localhost:8080 - July 31, 2024, 1:20 pm
Page trying to access: http://localhost:8080/plan_bangladesh/login.php
---------------------------------------
User20951_1722410403: localhost:8080 - July 31, 2024, 1:20 pm
Page trying to access: http://localhost:8080/plan_bangladesh/login.php
---------------------------------------
User2756_1722410403: localhost:8080 - July 31, 2024, 1:20 pm
Page trying to access: http://localhost:8080/plan_bangladesh/login.php
---------------------------------------
User32173_1722410403: localhost:8080 - July 31, 2024, 1:20 pm
Page trying to access: http://localhost:8080/plan_bangladesh/login.php
---------------------------------------
User26850_1722410403: localhost:8080 - July 31, 2024, 1:20 pm
Page trying to access: http://localhost:8080/plan_bangladesh/login.php
---------------------------------------
User13427_1722410403: localhost:8080 - July 31, 2024, 1:20 pm
Page trying to access: http://localhost:8080/plan_bangladesh/login.php
---------------------------------------
User3888_1722410403: localhost:8080 - July 31, 2024, 1:20 pm
Page trying to access: http://localhost:8080/plan_bangladesh/login.php
---------------------------------------
User18345_1722410403: localhost:8080 - July 31, 2024, 1:20 pm
Page trying to access: http://localhost:8080/plan_bangladesh/login.php
---------------------------------------
User12590_1722410403: localhost:8080 - July 31, 2024, 1:20 pm
Page trying to access: http://localhost:8080/plan_bangladesh/login.php
---------------------------------------
User9423_1722410403: localhost:8080 - July 31, 2024, 1:20 pm
Page trying to access: http://localhost:8080/plan_bangladesh/login.php
---------------------------------------
User28252_1722410403: localhost:8080 - July 31, 2024, 1:20 pm
Page trying to access: http://localhost:8080/plan_bangladesh/login.php
---------------------------------------
User13669_1722410403: localhost:8080 - July 31, 2024, 1:20 pm
Page trying to access: http://localhost:8080/plan_bangladesh/login.php
---------------------------------------
User12858_1722410403: localhost:8080 - July 31, 2024, 1:20 pm
Page trying to access: http://localhost:8080/plan_bangladesh/login.php
---------------------------------------
User16107_1722410403: localhost:8080 - July 31, 2024, 1:20 pm
Page trying to access: http://localhost:8080/plan_bangladesh/login.php
---------------------------------------
User5192_1722410403: localhost:8080 - July 31, 2024, 1:20 pm
Page trying to access: http://localhost:8080/plan_bangladesh/login.php
---------------------------------------
User17121_1722410403: localhost:8080 - July 31, 2024, 1:20 pm
Page trying to access: http://localhost:8080/plan_bangladesh/login.php
---------------------------------------
User14342_1722410403: localhost:8080 - July 31, 2024, 1:20 pm
Page trying to access: http://localhost:8080/plan_bangladesh/login.php
---------------------------------------
User24263_1722410403: localhost:8080 - July 31, 2024, 1:20 pm
Page trying to access: http://localhost:8080/plan_bangladesh/login.php
---------------------------------------
User26059_1722410516: localhost:8080 - July 31, 2024, 1:21 pm
Page trying to access: http://localhost:8080/plan_bangladesh/
---------------------------------------
User25000_1722410516: localhost:8080 - July 31, 2024, 1:21 pm
Page trying to access: http://localhost:8080/plan_bangladesh/login.php
---------------------------------------
User29889_1722410516: localhost:8080 - July 31, 2024, 1:21 pm
Page trying to access: http://localhost:8080/plan_bangladesh/login.php
---------------------------------------
User13414_1722410516: localhost:8080 - July 31, 2024, 1:21 pm
Page trying to access: http://localhost:8080/plan_bangladesh/login.php
---------------------------------------
User5031_1722410516: localhost:8080 - July 31, 2024, 1:21 pm
Page trying to access: http://localhost:8080/plan_bangladesh/login.php
---------------------------------------
User28756_1722410516: localhost:8080 - July 31, 2024, 1:21 pm
Page trying to access: http://localhost:8080/plan_bangladesh/login.php
---------------------------------------
User7165_1722410516: localhost:8080 - July 31, 2024, 1:21 pm
Page trying to access: http://localhost:8080/plan_bangladesh/login.php
---------------------------------------
User12530_1722410517: localhost:8080 - July 31, 2024, 1:21 pm
Page trying to access: http://localhost:8080/plan_bangladesh/login.php
---------------------------------------
User17219_1722410517: localhost:8080 - July 31, 2024, 1:21 pm
Page trying to access: http://localhost:8080/plan_bangladesh/login.php
---------------------------------------
User15808_1722410517: localhost:8080 - July 31, 2024, 1:21 pm
Page trying to access: http://localhost:8080/plan_bangladesh/login.php
---------------------------------------
User31481_1722410517: localhost:8080 - July 31, 2024, 1:21 pm
Page trying to access: http://localhost:8080/plan_bangladesh/login.php
---------------------------------------
User27198_1722410517: localhost:8080 - July 31, 2024, 1:21 pm
Page trying to access: http://localhost:8080/plan_bangladesh/login.php
---------------------------------------
User20639_1722410517: localhost:8080 - July 31, 2024, 1:21 pm
Page trying to access: http://localhost:8080/plan_bangladesh/login.php
---------------------------------------
User30188_1722410517: localhost:8080 - July 31, 2024, 1:21 pm
Page trying to access: http://localhost:8080/plan_bangladesh/login.php
---------------------------------------
User19893_1722410517: localhost:8080 - July 31, 2024, 1:21 pm
Page trying to access: http://localhost:8080/plan_bangladesh/login.php
---------------------------------------
User27722_1722410517: localhost:8080 - July 31, 2024, 1:21 pm
Page trying to access: http://localhost:8080/plan_bangladesh/login.php
---------------------------------------
User22459_1722410517: localhost:8080 - July 31, 2024, 1:21 pm
Page trying to access: http://localhost:8080/plan_bangladesh/login.php
---------------------------------------
User1240_1722410517: localhost:8080 - July 31, 2024, 1:21 pm
Page trying to access: http://localhost:8080/plan_bangladesh/login.php
---------------------------------------
User4145_1722410517: localhost:8080 - July 31, 2024, 1:21 pm
Page trying to access: http://localhost:8080/plan_bangladesh/login.php
---------------------------------------
User790_1722410518: localhost:8080 - July 31, 2024, 1:21 pm
Page trying to access: http://localhost:8080/plan_bangladesh/login.php
---------------------------------------
User13463_1722410518: localhost:8080 - July 31, 2024, 1:21 pm
Page trying to access: http://localhost:8080/plan_bangladesh/login.php
---------------------------------------
User5764_1722410518: localhost:8080 - July 31, 2024, 1:21 pm
Page trying to access: http://localhost:8080/plan_bangladesh/login.php
---------------------------------------
User32365_1722410518: localhost:8080 - July 31, 2024, 1:21 pm
Page trying to access: http://localhost:8080/plan_bangladesh/login.php
---------------------------------------
User15010_1722410518: localhost:8080 - July 31, 2024, 1:21 pm
Page trying to access: http://localhost:8080/plan_bangladesh/login.php
---------------------------------------
User819_1722410518: localhost:8080 - July 31, 2024, 1:21 pm
Page trying to access: http://localhost:8080/plan_bangladesh/login.php
---------------------------------------
User5872_1722410518: localhost:8080 - July 31, 2024, 1:21 pm
Page trying to access: http://localhost:8080/plan_bangladesh/login.php
---------------------------------------
User5225_1722410518: localhost:8080 - July 31, 2024, 1:21 pm
Page trying to access: http://localhost:8080/plan_bangladesh/login.php
---------------------------------------
User24302_1722410518: localhost:8080 - July 31, 2024, 1:21 pm
Page trying to access: http://localhost:8080/plan_bangladesh/login.php
---------------------------------------
User8079_1722410518: localhost:8080 - July 31, 2024, 1:21 pm
Page trying to access: http://localhost:8080/plan_bangladesh/login.php
---------------------------------------
User12828_1722410518: localhost:8080 - July 31, 2024, 1:21 pm
Page trying to access: http://localhost:8080/plan_bangladesh/login.php
---------------------------------------
User3621_1722410518: localhost:8080 - July 31, 2024, 1:21 pm
Page trying to access: http://localhost:8080/plan_bangladesh/login.php
---------------------------------------
User31738_1722410518: localhost:8080 - July 31, 2024, 1:21 pm
Page trying to access: http://localhost:8080/plan_bangladesh/login.php
---------------------------------------
User9643_1722410518: localhost:8080 - July 31, 2024, 1:21 pm
Page trying to access: http://localhost:8080/plan_bangladesh/login.php
---------------------------------------
User21512_1722410518: localhost:8080 - July 31, 2024, 1:21 pm
Page trying to access: http://localhost:8080/plan_bangladesh/login.php
---------------------------------------
User26529_1722410518: localhost:8080 - July 31, 2024, 1:21 pm
Page trying to access: http://localhost:8080/plan_bangladesh/login.php
---------------------------------------
User24006_1722410518: localhost:8080 - July 31, 2024, 1:21 pm
Page trying to access: http://localhost:8080/plan_bangladesh/login.php
---------------------------------------
User29063_1722410518: localhost:8080 - July 31, 2024, 1:21 pm
Page trying to access: http://localhost:8080/plan_bangladesh/login.php
---------------------------------------
User10420_1722410518: localhost:8080 - July 31, 2024, 1:21 pm
Page trying to access: http://localhost:8080/plan_bangladesh/login.php
---------------------------------------
User23773_1722410518: localhost:8080 - July 31, 2024, 1:21 pm
Page trying to access: http://localhost:8080/plan_bangladesh/login.php
---------------------------------------
User5352_1722410523: localhost:8080 - July 31, 2024, 1:22 pm
Page trying to access: http://localhost:8080/plan_bangladesh/login.php
---------------------------------------
User18177_1722410523: localhost:8080 - July 31, 2024, 1:22 pm
Page trying to access: http://localhost:8080/plan_bangladesh/login.php
---------------------------------------
User14758_1722410523: localhost:8080 - July 31, 2024, 1:22 pm
Page trying to access: http://localhost:8080/plan_bangladesh/login.php
---------------------------------------
User20455_1722410523: localhost:8080 - July 31, 2024, 1:22 pm
Page trying to access: http://localhost:8080/plan_bangladesh/login.php
---------------------------------------
User6036_1722410523: localhost:8080 - July 31, 2024, 1:22 pm
Page trying to access: http://localhost:8080/plan_bangladesh/login.php
---------------------------------------
User21053_1722410523: localhost:8080 - July 31, 2024, 1:22 pm
Page trying to access: http://localhost:8080/plan_bangladesh/login.php
---------------------------------------
User18994_1722410523: localhost:8080 - July 31, 2024, 1:22 pm
Page trying to access: http://localhost:8080/plan_bangladesh/login.php
---------------------------------------
User899_1722410523: localhost:8080 - July 31, 2024, 1:22 pm
Page trying to access: http://localhost:8080/plan_bangladesh/login.php
---------------------------------------
User6400_1722410523: localhost:8080 - July 31, 2024, 1:22 pm
Page trying to access: http://localhost:8080/plan_bangladesh/login.php
---------------------------------------
User21817_1722410523: localhost:8080 - July 31, 2024, 1:22 pm
Page trying to access: http://localhost:8080/plan_bangladesh/login.php
---------------------------------------
User22398_1722410523: localhost:8080 - July 31, 2024, 1:22 pm
Page trying to access: http://localhost:8080/plan_bangladesh/login.php
---------------------------------------
User21727_1722410523: localhost:8080 - July 31, 2024, 1:22 pm
Page trying to access: http://localhost:8080/plan_bangladesh/login.php
---------------------------------------
User17708_1722410523: localhost:8080 - July 31, 2024, 1:22 pm
Page trying to access: http://localhost:8080/plan_bangladesh/login.php
---------------------------------------
User3061_1722410523: localhost:8080 - July 31, 2024, 1:22 pm
Page trying to access: http://localhost:8080/plan_bangladesh/login.php
---------------------------------------
User28042_1722410523: localhost:8080 - July 31, 2024, 1:22 pm
Page trying to access: http://localhost:8080/plan_bangladesh/login.php
---------------------------------------
User24571_1722410523: localhost:8080 - July 31, 2024, 1:22 pm
Page trying to access: http://localhost:8080/plan_bangladesh/login.php
---------------------------------------
User2072_1722410523: localhost:8080 - July 31, 2024, 1:22 pm
Page trying to access: http://localhost:8080/plan_bangladesh/login.php
---------------------------------------
User29297_1722410523: localhost:8080 - July 31, 2024, 1:22 pm
Page trying to access: http://localhost:8080/plan_bangladesh/login.php
---------------------------------------
User22614_1722410523: localhost:8080 - July 31, 2024, 1:22 pm
Page trying to access: http://localhost:8080/plan_bangladesh/login.php
---------------------------------------
User215_1722410523: localhost:8080 - July 31, 2024, 1:22 pm
Page trying to access: http://localhost:8080/plan_bangladesh/login.php
---------------------------------------
User3524_1722410597: localhost:8080 - July 31, 2024, 1:23 pm
Page trying to access: http://localhost:8080/plan_bangladesh/login.php
---------------------------------------
User17581_1722410597: localhost:8080 - July 31, 2024, 1:23 pm
Page trying to access: http://localhost:8080/plan_bangladesh/login.php
---------------------------------------
User9186_1722410597: localhost:8080 - July 31, 2024, 1:23 pm
Page trying to access: http://localhost:8080/plan_bangladesh/login.php
---------------------------------------
User21363_1722410597: localhost:8080 - July 31, 2024, 1:23 pm
Page trying to access: http://localhost:8080/plan_bangladesh/login.php
---------------------------------------
User16944_1722410597: localhost:8080 - July 31, 2024, 1:23 pm
Page trying to access: http://localhost:8080/plan_bangladesh/login.php
---------------------------------------
User32425_1722410597: localhost:8080 - July 31, 2024, 1:23 pm
Page trying to access: http://localhost:8080/plan_bangladesh/login.php
---------------------------------------
User7214_1722410597: localhost:8080 - July 31, 2024, 1:23 pm
Page trying to access: http://localhost:8080/plan_bangladesh/login.php
---------------------------------------
User13263_1722410597: localhost:8080 - July 31, 2024, 1:23 pm
Page trying to access: http://localhost:8080/plan_bangladesh/login.php
---------------------------------------
User20828_1722410597: localhost:8080 - July 31, 2024, 1:23 pm
Page trying to access: http://localhost:8080/plan_bangladesh/login.php
---------------------------------------
User23653_1722410597: localhost:8080 - July 31, 2024, 1:23 pm
Page trying to access: http://localhost:8080/plan_bangladesh/login.php
---------------------------------------
User19770_1722410597: localhost:8080 - July 31, 2024, 1:23 pm
Page trying to access: http://localhost:8080/plan_bangladesh/login.php
---------------------------------------
User15851_1722410597: localhost:8080 - July 31, 2024, 1:23 pm
Page trying to access: http://localhost:8080/plan_bangladesh/login.php
---------------------------------------
User10056_1722410597: localhost:8080 - July 31, 2024, 1:23 pm
Page trying to access: http://localhost:8080/plan_bangladesh/login.php
---------------------------------------
User23009_1722410597: localhost:8080 - July 31, 2024, 1:23 pm
Page trying to access: http://localhost:8080/plan_bangladesh/login.php
---------------------------------------
User774_1722410597: localhost:8080 - July 31, 2024, 1:23 pm
Page trying to access: http://localhost:8080/plan_bangladesh/login.php
---------------------------------------
User19911_1722410597: localhost:8080 - July 31, 2024, 1:23 pm
Page trying to access: http://localhost:8080/plan_bangladesh/login.php
---------------------------------------
User28660_1722410597: localhost:8080 - July 31, 2024, 1:23 pm
Page trying to access: http://localhost:8080/plan_bangladesh/login.php
---------------------------------------
User13085_1722410597: localhost:8080 - July 31, 2024, 1:23 pm
Page trying to access: http://localhost:8080/plan_bangladesh/login.php
---------------------------------------
User18834_1722410597: localhost:8080 - July 31, 2024, 1:23 pm
Page trying to access: http://localhost:8080/plan_bangladesh/login.php
---------------------------------------
User32611_1722410597: localhost:8080 - July 31, 2024, 1:23 pm
Page trying to access: http://localhost:8080/plan_bangladesh/login.php
---------------------------------------
User5984_1722410599: localhost:8080 - July 31, 2024, 1:23 pm
Page trying to access: http://localhost:8080/plan_bangladesh/login.php
---------------------------------------
User25625_1722410599: localhost:8080 - July 31, 2024, 1:23 pm
Page trying to access: http://localhost:8080/plan_bangladesh/login.php
---------------------------------------
User27870_1722410599: localhost:8080 - July 31, 2024, 1:23 pm
Page trying to access: http://localhost:8080/plan_bangladesh/login.php
---------------------------------------
User11967_1722410599: localhost:8080 - July 31, 2024, 1:23 pm
Page trying to access: http://localhost:8080/plan_bangladesh/login.php
---------------------------------------
User18828_1722410599: localhost:8080 - July 31, 2024, 1:23 pm
Page trying to access: http://localhost:8080/plan_bangladesh/login.php
---------------------------------------
User10453_1722410599: localhost:8080 - July 31, 2024, 1:23 pm
Page trying to access: http://localhost:8080/plan_bangladesh/login.php
---------------------------------------
User30954_1722410599: localhost:8080 - July 31, 2024, 1:23 pm
Page trying to access: http://localhost:8080/plan_bangladesh/login.php
---------------------------------------
User30683_1722410599: localhost:8080 - July 31, 2024, 1:23 pm
Page trying to access: http://localhost:8080/plan_bangladesh/login.php
---------------------------------------
User29304_1722410599: localhost:8080 - July 31, 2024, 1:23 pm
Page trying to access: http://localhost:8080/plan_bangladesh/login.php
---------------------------------------
User32081_1722410599: localhost:8080 - July 31, 2024, 1:23 pm
Page trying to access: http://localhost:8080/plan_bangladesh/login.php
---------------------------------------
User14774_1722410599: localhost:8080 - July 31, 2024, 1:23 pm
Page trying to access: http://localhost:8080/plan_bangladesh/login.php
---------------------------------------
User14007_1722410599: localhost:8080 - July 31, 2024, 1:23 pm
Page trying to access: http://localhost:8080/plan_bangladesh/login.php
---------------------------------------
User15908_1722410599: localhost:8080 - July 31, 2024, 1:23 pm
Page trying to access: http://localhost:8080/plan_bangladesh/login.php
---------------------------------------
User7565_1722410599: localhost:8080 - July 31, 2024, 1:23 pm
Page trying to access: http://localhost:8080/plan_bangladesh/login.php
---------------------------------------
User15170_1722410599: localhost:8080 - July 31, 2024, 1:23 pm
Page trying to access: http://localhost:8080/plan_bangladesh/login.php
---------------------------------------
User1875_1722410599: localhost:8080 - July 31, 2024, 1:23 pm
Page trying to access: http://localhost:8080/plan_bangladesh/login.php
---------------------------------------
User6288_1722410599: localhost:8080 - July 31, 2024, 1:23 pm
Page trying to access: http://localhost:8080/plan_bangladesh/login.php
---------------------------------------
User1417_1722410599: localhost:8080 - July 31, 2024, 1:23 pm
Page trying to access: http://localhost:8080/plan_bangladesh/login.php
---------------------------------------
User18830_1722410599: localhost:8080 - July 31, 2024, 1:23 pm
Page trying to access: http://localhost:8080/plan_bangladesh/login.php
---------------------------------------
User17839_1722410599: localhost:8080 - July 31, 2024, 1:23 pm
Page trying to access: http://localhost:8080/plan_bangladesh/login.php
---------------------------------------
User11708_1722410603: localhost:8080 - July 31, 2024, 1:23 pm
Page trying to access: http://localhost:8080/plan_bangladesh/login.php
---------------------------------------
User28997_1722410603: localhost:8080 - July 31, 2024, 1:23 pm
Page trying to access: http://localhost:8080/plan_bangladesh/login.php
---------------------------------------
User28826_1722410603: localhost:8080 - July 31, 2024, 1:23 pm
Page trying to access: http://localhost:8080/plan_bangladesh/login.php
---------------------------------------
User3531_1722410603: localhost:8080 - July 31, 2024, 1:23 pm
Page trying to access: http://localhost:8080/plan_bangladesh/login.php
---------------------------------------
User27048_1722410603: localhost:8080 - July 31, 2024, 1:23 pm
Page trying to access: http://localhost:8080/plan_bangladesh/login.php
---------------------------------------
User23745_1722410603: localhost:8080 - July 31, 2024, 1:23 pm
Page trying to access: http://localhost:8080/plan_bangladesh/login.php
---------------------------------------
User31846_1722410603: localhost:8080 - July 31, 2024, 1:23 pm
Page trying to access: http://localhost:8080/plan_bangladesh/login.php
---------------------------------------
User15271_1722410603: localhost:8080 - July 31, 2024, 1:23 pm
Page trying to access: http://localhost:8080/plan_bangladesh/login.php
---------------------------------------
User30804_1722410603: localhost:8080 - July 31, 2024, 1:23 pm
Page trying to access: http://localhost:8080/plan_bangladesh/login.php
---------------------------------------
User1021_1722410604: localhost:8080 - July 31, 2024, 1:23 pm
Page trying to access: http://localhost:8080/plan_bangladesh/login.php
---------------------------------------
User30962_1722410604: localhost:8080 - July 31, 2024, 1:23 pm
Page trying to access: http://localhost:8080/plan_bangladesh/login.php
---------------------------------------
User27459_1722410604: localhost:8080 - July 31, 2024, 1:23 pm
Page trying to access: http://localhost:8080/plan_bangladesh/login.php
---------------------------------------
User17856_1722410604: localhost:8080 - July 31, 2024, 1:23 pm
Page trying to access: http://localhost:8080/plan_bangladesh/login.php
---------------------------------------
User25337_1722410604: localhost:8080 - July 31, 2024, 1:23 pm
Page trying to access: http://localhost:8080/plan_bangladesh/login.php
---------------------------------------
User12862_1722410604: localhost:8080 - July 31, 2024, 1:23 pm
Page trying to access: http://localhost:8080/plan_bangladesh/login.php
---------------------------------------
User30879_1722410604: localhost:8080 - July 31, 2024, 1:23 pm
Page trying to access: http://localhost:8080/plan_bangladesh/login.php
---------------------------------------
User32236_1722410604: localhost:8080 - July 31, 2024, 1:23 pm
Page trying to access: http://localhost:8080/plan_bangladesh/login.php
---------------------------------------
User13749_1722410604: localhost:8080 - July 31, 2024, 1:23 pm
Page trying to access: http://localhost:8080/plan_bangladesh/login.php
---------------------------------------
User13386_1722410604: localhost:8080 - July 31, 2024, 1:23 pm
Page trying to access: http://localhost:8080/plan_bangladesh/login.php
---------------------------------------
User32699_1722410604: localhost:8080 - July 31, 2024, 1:23 pm
Page trying to access: http://localhost:8080/plan_bangladesh/login.php
---------------------------------------
User3288_1722410605: localhost:8080 - July 31, 2024, 1:23 pm
Page trying to access: http://localhost:8080/plan_bangladesh/login.php
---------------------------------------
User30769_1722410605: localhost:8080 - July 31, 2024, 1:23 pm
Page trying to access: http://localhost:8080/plan_bangladesh/login.php
---------------------------------------
User19222_1722410605: localhost:8080 - July 31, 2024, 1:23 pm
Page trying to access: http://localhost:8080/plan_bangladesh/login.php
---------------------------------------
User23703_1722410605: localhost:8080 - July 31, 2024, 1:23 pm
Page trying to access: http://localhost:8080/plan_bangladesh/login.php
---------------------------------------
User7812_1722410605: localhost:8080 - July 31, 2024, 1:23 pm
Page trying to access: http://localhost:8080/plan_bangladesh/login.php
---------------------------------------
User26221_1722410605: localhost:8080 - July 31, 2024, 1:23 pm
Page trying to access: http://localhost:8080/plan_bangladesh/login.php
---------------------------------------
User674_1722410605: localhost:8080 - July 31, 2024, 1:23 pm
Page trying to access: http://localhost:8080/plan_bangladesh/login.php
---------------------------------------
User11059_1722410605: localhost:8080 - July 31, 2024, 1:23 pm
Page trying to access: http://localhost:8080/plan_bangladesh/login.php
---------------------------------------
User7920_1722410605: localhost:8080 - July 31, 2024, 1:23 pm
Page trying to access: http://localhost:8080/plan_bangladesh/login.php
---------------------------------------
User31849_1722410605: localhost:8080 - July 31, 2024, 1:23 pm
Page trying to access: http://localhost:8080/plan_bangladesh/login.php
---------------------------------------
User9966_1722410605: localhost:8080 - July 31, 2024, 1:23 pm
Page trying to access: http://localhost:8080/plan_bangladesh/login.php
---------------------------------------
User18319_1722410605: localhost:8080 - July 31, 2024, 1:23 pm
Page trying to access: http://localhost:8080/plan_bangladesh/login.php
---------------------------------------
User14876_1722410605: localhost:8080 - July 31, 2024, 1:23 pm
Page trying to access: http://localhost:8080/plan_bangladesh/login.php
---------------------------------------
User30245_1722410605: localhost:8080 - July 31, 2024, 1:23 pm
Page trying to access: http://localhost:8080/plan_bangladesh/login.php
---------------------------------------
User17402_1722410605: localhost:8080 - July 31, 2024, 1:23 pm
Page trying to access: http://localhost:8080/plan_bangladesh/login.php
---------------------------------------
User19883_1722410605: localhost:8080 - July 31, 2024, 1:23 pm
Page trying to access: http://localhost:8080/plan_bangladesh/login.php
---------------------------------------
User23560_1722410605: localhost:8080 - July 31, 2024, 1:23 pm
Page trying to access: http://localhost:8080/plan_bangladesh/login.php
---------------------------------------
User20385_1722410605: localhost:8080 - July 31, 2024, 1:23 pm
Page trying to access: http://localhost:8080/plan_bangladesh/login.php
---------------------------------------
User9670_1722410605: localhost:8080 - July 31, 2024, 1:23 pm
Page trying to access: http://localhost:8080/plan_bangladesh/login.php
---------------------------------------
User6535_1722410605: localhost:8080 - July 31, 2024, 1:23 pm
Page trying to access: http://localhost:8080/plan_bangladesh/login.php
---------------------------------------
User12468_1722410606: localhost:8080 - July 31, 2024, 1:23 pm
Page trying to access: http://localhost:8080/plan_bangladesh/login.php
---------------------------------------
User17629_1722410606: localhost:8080 - July 31, 2024, 1:23 pm
Page trying to access: http://localhost:8080/plan_bangladesh/login.php
---------------------------------------
User22610_1722410606: localhost:8080 - July 31, 2024, 1:23 pm
Page trying to access: http://localhost:8080/plan_bangladesh/login.php
---------------------------------------
User18211_1722410606: localhost:8080 - July 31, 2024, 1:23 pm
Page trying to access: http://localhost:8080/plan_bangladesh/login.php
---------------------------------------
User9248_1722410606: localhost:8080 - July 31, 2024, 1:23 pm
Page trying to access: http://localhost:8080/plan_bangladesh/login.php
---------------------------------------
User20953_1722410606: localhost:8080 - July 31, 2024, 1:23 pm
Page trying to access: http://localhost:8080/plan_bangladesh/login.php
---------------------------------------
User10142_1722410606: localhost:8080 - July 31, 2024, 1:23 pm
Page trying to access: http://localhost:8080/plan_bangladesh/login.php
---------------------------------------
User12927_1722410606: localhost:8080 - July 31, 2024, 1:23 pm
Page trying to access: http://localhost:8080/plan_bangladesh/login.php
---------------------------------------
User25164_1722410606: localhost:8080 - July 31, 2024, 1:23 pm
Page trying to access: http://localhost:8080/plan_bangladesh/login.php
---------------------------------------
User12949_1722410606: localhost:8080 - July 31, 2024, 1:23 pm
Page trying to access: http://localhost:8080/plan_bangladesh/login.php
---------------------------------------
User8106_1722410606: localhost:8080 - July 31, 2024, 1:23 pm
Page trying to access: http://localhost:8080/plan_bangladesh/login.php
---------------------------------------
User30619_1722410606: localhost:8080 - July 31, 2024, 1:23 pm
Page trying to access: http://localhost:8080/plan_bangladesh/login.php
---------------------------------------
User22328_1722410606: localhost:8080 - July 31, 2024, 1:23 pm
Page trying to access: http://localhost:8080/plan_bangladesh/login.php
---------------------------------------
User25361_1722410606: localhost:8080 - July 31, 2024, 1:23 pm
Page trying to access: http://localhost:8080/plan_bangladesh/login.php
---------------------------------------
User3190_1722410606: localhost:8080 - July 31, 2024, 1:23 pm
Page trying to access: http://localhost:8080/plan_bangladesh/login.php
---------------------------------------
User29303_1722410606: localhost:8080 - July 31, 2024, 1:23 pm
Page trying to access: http://localhost:8080/plan_bangladesh/login.php
---------------------------------------
User12004_1722410606: localhost:8080 - July 31, 2024, 1:23 pm
Page trying to access: http://localhost:8080/plan_bangladesh/login.php
---------------------------------------
User8013_1722410606: localhost:8080 - July 31, 2024, 1:23 pm
Page trying to access: http://localhost:8080/plan_bangladesh/login.php
---------------------------------------
User31234_1722410606: localhost:8080 - July 31, 2024, 1:23 pm
Page trying to access: http://localhost:8080/plan_bangladesh/login.php
---------------------------------------
User16147_1722410606: localhost:8080 - July 31, 2024, 1:23 pm
Page trying to access: http://localhost:8080/plan_bangladesh/login.php
---------------------------------------
User18074_1722410611: localhost:8080 - July 31, 2024, 1:23 pm
Page trying to access: http://localhost:8080/plan_bangladesh/login.php
---------------------------------------
User11211_1722410611: localhost:8080 - July 31, 2024, 1:23 pm
Page trying to access: http://localhost:8080/plan_bangladesh/login.php
---------------------------------------
User12200_1722410611: localhost:8080 - July 31, 2024, 1:23 pm
Page trying to access: http://localhost:8080/plan_bangladesh/login.php
---------------------------------------
User10945_1722410611: localhost:8080 - July 31, 2024, 1:23 pm
Page trying to access: http://localhost:8080/plan_bangladesh/login.php
---------------------------------------
User12902_1722410611: localhost:8080 - July 31, 2024, 1:23 pm
Page trying to access: http://localhost:8080/plan_bangladesh/login.php
---------------------------------------
User14759_1722410611: localhost:8080 - July 31, 2024, 1:23 pm
Page trying to access: http://localhost:8080/plan_bangladesh/login.php
---------------------------------------
User7764_1722410611: localhost:8080 - July 31, 2024, 1:23 pm
Page trying to access: http://localhost:8080/plan_bangladesh/login.php
---------------------------------------
User12797_1722410611: localhost:8080 - July 31, 2024, 1:23 pm
Page trying to access: http://localhost:8080/plan_bangladesh/login.php
---------------------------------------
User3826_1722410611: localhost:8080 - July 31, 2024, 1:23 pm
Page trying to access: http://localhost:8080/plan_bangladesh/login.php
---------------------------------------
User18755_1722410611: localhost:8080 - July 31, 2024, 1:23 pm
Page trying to access: http://localhost:8080/plan_bangladesh/login.php
---------------------------------------
User19392_1722410611: localhost:8080 - July 31, 2024, 1:23 pm
Page trying to access: http://localhost:8080/plan_bangladesh/login.php
---------------------------------------
User28921_1722410611: localhost:8080 - July 31, 2024, 1:23 pm
Page trying to access: http://localhost:8080/plan_bangladesh/login.php
---------------------------------------
User10302_1722410611: localhost:8080 - July 31, 2024, 1:23 pm
Page trying to access: http://localhost:8080/plan_bangladesh/login.php
---------------------------------------
User13983_1722410611: localhost:8080 - July 31, 2024, 1:23 pm
Page trying to access: http://localhost:8080/plan_bangladesh/login.php
---------------------------------------
User25580_1722410611: localhost:8080 - July 31, 2024, 1:23 pm
Page trying to access: http://localhost:8080/plan_bangladesh/login.php
---------------------------------------
User9141_1722410611: localhost:8080 - July 31, 2024, 1:23 pm
Page trying to access: http://localhost:8080/plan_bangladesh/login.php
---------------------------------------
User2634_1722410611: localhost:8080 - July 31, 2024, 1:23 pm
Page trying to access: http://localhost:8080/plan_bangladesh/login.php
---------------------------------------
User7611_1722410611: localhost:8080 - July 31, 2024, 1:23 pm
Page trying to access: http://localhost:8080/plan_bangladesh/login.php
---------------------------------------
User21208_1722410611: localhost:8080 - July 31, 2024, 1:23 pm
Page trying to access: http://localhost:8080/plan_bangladesh/login.php
---------------------------------------
User17969_1722410611: localhost:8080 - July 31, 2024, 1:23 pm
Page trying to access: http://localhost:8080/plan_bangladesh/login.php
---------------------------------------
User21840_1722410641: localhost:8080 - July 31, 2024, 1:24 pm
Page trying to access: http://localhost:8080/plan_bangladesh/login.php
---------------------------------------
User25417_1722410641: localhost:8080 - July 31, 2024, 1:24 pm
Page trying to access: http://localhost:8080/plan_bangladesh/login.php
---------------------------------------
User13390_1722410641: localhost:8080 - July 31, 2024, 1:24 pm
Page trying to access: http://localhost:8080/plan_bangladesh/login.php
---------------------------------------
User14703_1722410641: localhost:8080 - July 31, 2024, 1:24 pm
Page trying to access: http://localhost:8080/plan_bangladesh/login.php
---------------------------------------
User30332_1722410641: localhost:8080 - July 31, 2024, 1:24 pm
Page trying to access: http://localhost:8080/plan_bangladesh/login.php
---------------------------------------
User27397_1722410641: localhost:8080 - July 31, 2024, 1:24 pm
Page trying to access: http://localhost:8080/plan_bangladesh/login.php
---------------------------------------
User18266_1722410641: localhost:8080 - July 31, 2024, 1:24 pm
Page trying to access: http://localhost:8080/plan_bangladesh/login.php
---------------------------------------
User32139_1722410641: localhost:8080 - July 31, 2024, 1:24 pm
Page trying to access: http://localhost:8080/plan_bangladesh/login.php
---------------------------------------
User32360_1722410641: localhost:8080 - July 31, 2024, 1:24 pm
Page trying to access: http://localhost:8080/plan_bangladesh/login.php
---------------------------------------
User12929_1722410641: localhost:8080 - July 31, 2024, 1:24 pm
Page trying to access: http://localhost:8080/plan_bangladesh/login.php
---------------------------------------
User32550_1722410641: localhost:8080 - July 31, 2024, 1:24 pm
Page trying to access: http://localhost:8080/plan_bangladesh/login.php
---------------------------------------
User26471_1722410641: localhost:8080 - July 31, 2024, 1:24 pm
Page trying to access: http://localhost:8080/plan_bangladesh/login.php
---------------------------------------
User6420_1722410641: localhost:8080 - July 31, 2024, 1:24 pm
Page trying to access: http://localhost:8080/plan_bangladesh/login.php
---------------------------------------
User30141_1722410641: localhost:8080 - July 31, 2024, 1:24 pm
Page trying to access: http://localhost:8080/plan_bangladesh/login.php
---------------------------------------
User26546_1722410641: localhost:8080 - July 31, 2024, 1:24 pm
Page trying to access: http://localhost:8080/plan_bangladesh/login.php
---------------------------------------
User4867_1722410641: localhost:8080 - July 31, 2024, 1:24 pm
Page trying to access: http://localhost:8080/plan_bangladesh/login.php
---------------------------------------
User12928_1722410642: localhost:8080 - July 31, 2024, 1:24 pm
Page trying to access: http://localhost:8080/plan_bangladesh/login.php
---------------------------------------
User12473_1722410642: localhost:8080 - July 31, 2024, 1:24 pm
Page trying to access: http://localhost:8080/plan_bangladesh/login.php
---------------------------------------
User19710_1722410642: localhost:8080 - July 31, 2024, 1:24 pm
Page trying to access: http://localhost:8080/plan_bangladesh/login.php
---------------------------------------
User23647_1722410642: localhost:8080 - July 31, 2024, 1:24 pm
Page trying to access: http://localhost:8080/plan_bangladesh/login.php
---------------------------------------
User30380_1722410702: localhost:8080 - July 31, 2024, 1:25 pm
Page trying to access: http://localhost:8080/plan_bangladesh/login.php
---------------------------------------
User8053_1722410702: localhost:8080 - July 31, 2024, 1:25 pm
Page trying to access: http://localhost:8080/plan_bangladesh/login.php
---------------------------------------
User15114_1722410702: localhost:8080 - July 31, 2024, 1:25 pm
Page trying to access: http://localhost:8080/plan_bangladesh/login.php
---------------------------------------
User24443_1722410702: localhost:8080 - July 31, 2024, 1:25 pm
Page trying to access: http://localhost:8080/plan_bangladesh/login.php
---------------------------------------
User20888_1722410702: localhost:8080 - July 31, 2024, 1:25 pm
Page trying to access: http://localhost:8080/plan_bangladesh/login.php
---------------------------------------
User15857_1722410702: localhost:8080 - July 31, 2024, 1:25 pm
Page trying to access: http://localhost:8080/plan_bangladesh/login.php
---------------------------------------
User32214_1722410702: localhost:8080 - July 31, 2024, 1:25 pm
Page trying to access: http://localhost:8080/plan_bangladesh/login.php
---------------------------------------
User30807_1722410702: localhost:8080 - July 31, 2024, 1:25 pm
Page trying to access: http://localhost:8080/plan_bangladesh/login.php
---------------------------------------
User28484_1722410702: localhost:8080 - July 31, 2024, 1:25 pm
Page trying to access: http://localhost:8080/plan_bangladesh/login.php
---------------------------------------
User18477_1722410702: localhost:8080 - July 31, 2024, 1:25 pm
Page trying to access: http://localhost:8080/plan_bangladesh/login.php
---------------------------------------
User8546_1722410702: localhost:8080 - July 31, 2024, 1:25 pm
Page trying to access: http://localhost:8080/plan_bangladesh/login.php
---------------------------------------
User17139_1722410702: localhost:8080 - July 31, 2024, 1:25 pm
Page trying to access: http://localhost:8080/plan_bangladesh/login.php
---------------------------------------
User15280_1722410702: localhost:8080 - July 31, 2024, 1:25 pm
Page trying to access: http://localhost:8080/plan_bangladesh/login.php
---------------------------------------
User14889_1722410702: localhost:8080 - July 31, 2024, 1:25 pm
Page trying to access: http://localhost:8080/plan_bangladesh/login.php
---------------------------------------
User29102_1722410702: localhost:8080 - July 31, 2024, 1:25 pm
Page trying to access: http://localhost:8080/plan_bangladesh/login.php
---------------------------------------
User6991_1722410702: localhost:8080 - July 31, 2024, 1:25 pm
Page trying to access: http://localhost:8080/plan_bangladesh/login.php
---------------------------------------
User25308_1722410702: localhost:8080 - July 31, 2024, 1:25 pm
Page trying to access: http://localhost:8080/plan_bangladesh/login.php
---------------------------------------
User20453_1722410702: localhost:8080 - July 31, 2024, 1:25 pm
Page trying to access: http://localhost:8080/plan_bangladesh/login.php
---------------------------------------
User31418_1722410702: localhost:8080 - July 31, 2024, 1:25 pm
Page trying to access: http://localhost:8080/plan_bangladesh/login.php
---------------------------------------
User7531_1722410702: localhost:8080 - July 31, 2024, 1:25 pm
Page trying to access: http://localhost:8080/plan_bangladesh/login.php
---------------------------------------
User278_1722410777: localhost:8080 - July 31, 2024, 1:26 pm
Page trying to access: http://localhost:8080/plan_bangladesh/login.php
---------------------------------------
User23191_1722410777: localhost:8080 - July 31, 2024, 1:26 pm
Page trying to access: http://localhost:8080/plan_bangladesh/login.php
---------------------------------------
User17540_1722410777: localhost:8080 - July 31, 2024, 1:26 pm
Page trying to access: http://localhost:8080/plan_bangladesh/login.php
---------------------------------------
User5229_1722410777: localhost:8080 - July 31, 2024, 1:26 pm
Page trying to access: http://localhost:8080/plan_bangladesh/login.php
---------------------------------------
User6306_1722410777: localhost:8080 - July 31, 2024, 1:26 pm
Page trying to access: http://localhost:8080/plan_bangladesh/login.php
---------------------------------------
User2355_1722410777: localhost:8080 - July 31, 2024, 1:26 pm
Page trying to access: http://localhost:8080/plan_bangladesh/login.php
---------------------------------------
User9456_1722410777: localhost:8080 - July 31, 2024, 1:26 pm
Page trying to access: http://localhost:8080/plan_bangladesh/login.php
---------------------------------------
User2665_1722410777: localhost:8080 - July 31, 2024, 1:26 pm
Page trying to access: http://localhost:8080/plan_bangladesh/login.php
---------------------------------------
User7406_1722410777: localhost:8080 - July 31, 2024, 1:26 pm
Page trying to access: http://localhost:8080/plan_bangladesh/login.php
---------------------------------------
User1423_1722410777: localhost:8080 - July 31, 2024, 1:26 pm
Page trying to access: http://localhost:8080/plan_bangladesh/login.php
---------------------------------------
User8220_1722410777: localhost:8080 - July 31, 2024, 1:26 pm
Page trying to access: http://localhost:8080/plan_bangladesh/login.php
---------------------------------------
User25637_1722410777: localhost:8080 - July 31, 2024, 1:26 pm
Page trying to access: http://localhost:8080/plan_bangladesh/login.php
---------------------------------------
User6650_1722410777: localhost:8080 - July 31, 2024, 1:26 pm
Page trying to access: http://localhost:8080/plan_bangladesh/login.php
---------------------------------------
User27563_1722410777: localhost:8080 - July 31, 2024, 1:26 pm
Page trying to access: http://localhost:8080/plan_bangladesh/login.php
---------------------------------------
User8712_1722410777: localhost:8080 - July 31, 2024, 1:26 pm
Page trying to access: http://localhost:8080/plan_bangladesh/login.php
---------------------------------------
User7585_1722410777: localhost:8080 - July 31, 2024, 1:26 pm
Page trying to access: http://localhost:8080/plan_bangladesh/login.php
---------------------------------------
User23494_1722410777: localhost:8080 - July 31, 2024, 1:26 pm
Page trying to access: http://localhost:8080/plan_bangladesh/login.php
---------------------------------------
User6023_1722410777: localhost:8080 - July 31, 2024, 1:26 pm
Page trying to access: http://localhost:8080/plan_bangladesh/login.php
---------------------------------------
User22196_1722410777: localhost:8080 - July 31, 2024, 1:26 pm
Page trying to access: http://localhost:8080/plan_bangladesh/login.php
---------------------------------------
User29405_1722410777: localhost:8080 - July 31, 2024, 1:26 pm
Page trying to access: http://localhost:8080/plan_bangladesh/login.php
---------------------------------------
